/*C150*/SET SCHEMA PUBLIC
DELETE FROM TTASKS WHERE ID=1
DELETE FROM TTASKS WHERE ID=2
DELETE FROM TTASKS WHERE ID=3
DELETE FROM TTASKS WHERE ID=4
DELETE FROM TTASKS WHERE ID=5
DELETE FROM TTASKS WHERE ID=6
DELETE FROM TTASKS WHERE ID=7
DELETE FROM TTASKS WHERE ID=8
DELETE FROM TTASKS WHERE ID=9
DELETE FROM TTASKS WHERE ID=10
DELETE FROM TTASKS WHERE ID=11
DELETE FROM TTASKS WHERE ID=12
DELETE FROM TTASKS WHERE ID=13
DELETE FROM TTASKS WHERE ID=14
DELETE FROM TTASKS WHERE ID=15
DELETE FROM TTASKS WHERE ID=16
DELETE FROM TTASKS WHERE ID=17
DELETE FROM TTASKS WHERE ID=18
DELETE FROM TTASKS WHERE ID=19
DELETE FROM TTASKS WHERE ID=20
DELETE FROM TTASKS WHERE ID=21
DELETE FROM TTASKS WHERE ID=22
DELETE FROM TTASKS WHERE ID=23
DELETE FROM TTASKS WHERE ID=24
DELETE FROM TTASKS WHERE ID=25
DELETE FROM TTASKS WHERE ID=26
DELETE FROM TTASKS WHERE ID=27
DELETE FROM TTASKS WHERE ID=28
DELETE FROM TTASKS WHERE ID=29
DELETE FROM TTASKS WHERE ID=30
DELETE FROM TTASKS WHERE ID=31
DELETE FROM TTASKS WHERE ID=32
DELETE FROM TTASKS WHERE ID=33
DELETE FROM TTASKS WHERE ID=34
DELETE FROM TTASKS WHERE ID=35
DELETE FROM TTASKS WHERE ID=36
DELETE FROM TTASKS WHERE ID=37
DELETE FROM TTASKS WHERE ID=38
DELETE FROM TTASKS WHERE ID=39
DELETE FROM TTASKS WHERE ID=40
DELETE FROM TTASKS WHERE ID=41
DELETE FROM TTASKS WHERE ID=42
DELETE FROM TTASKS WHERE ID=43
DELETE FROM TTASKS WHERE ID=44
DELETE FROM TTASKS WHERE ID=45
DELETE FROM TTASKS WHERE ID=46
DELETE FROM TTASKS WHERE ID=47
DELETE FROM TTASKS WHERE ID=48
DELETE FROM TTASKS WHERE ID=49
DELETE FROM TTASKS WHERE ID=50
DELETE FROM TTASKS WHERE ID=51
DELETE FROM TTASKS WHERE ID=52
DELETE FROM TTASKS WHERE ID=53
DELETE FROM TTASKS WHERE ID=54
DELETE FROM TTASKS WHERE ID=55
DELETE FROM TTASKS WHERE ID=56
DELETE FROM TTASKS WHERE ID=57
DELETE FROM TTASKS WHERE ID=58
DELETE FROM TTASKS WHERE ID=59
DELETE FROM TTASKS WHERE ID=60
DELETE FROM TTASKS WHERE ID=61
DELETE FROM TTASKS WHERE ID=62
DELETE FROM TTASKS WHERE ID=63
DELETE FROM TTASKS WHERE ID=64
DELETE FROM TTASKS WHERE ID=65
DELETE FROM TTASKS WHERE ID=66
DELETE FROM TTASKS WHERE ID=67
DELETE FROM TTASKS WHERE ID=68
DELETE FROM TTASKS WHERE ID=69
DELETE FROM TTASKS WHERE ID=70
DELETE FROM TTASKS WHERE ID=71
DELETE FROM TTASKS WHERE ID=72
DELETE FROM TTASKS WHERE ID=73
DELETE FROM TTASKS WHERE ID=74
DELETE FROM TTASKS WHERE ID=75
DELETE FROM TTASKS WHERE ID=76
DELETE FROM TTASKS WHERE ID=77
DELETE FROM TTASKS WHERE ID=78
DELETE FROM TTASKS WHERE ID=79
DELETE FROM TTASKS WHERE ID=80
DELETE FROM TTASKS WHERE ID=81
DELETE FROM TTASKS WHERE ID=82
DELETE FROM TTASKS WHERE ID=83
DELETE FROM TTASKS WHERE ID=84
DELETE FROM TTASKS WHERE ID=85
DELETE FROM TTASKS WHERE ID=86
DELETE FROM TTASKS WHERE ID=87
DELETE FROM TTASKS WHERE ID=88
DELETE FROM TTASKS WHERE ID=89
DELETE FROM TTASKS WHERE ID=90
DELETE FROM TCATEGORIES WHERE ID=1
DELETE FROM TCATEGORIES WHERE ID=2
DELETE FROM TCATEGORIES WHERE ID=3
DELETE FROM TCATEGORIES WHERE ID=4
DELETE FROM TCATEGORIES WHERE ID=5
DELETE FROM TCATEGORIES WHERE ID=6
DELETE FROM TCATEGORIES WHERE ID=7
DELETE FROM TCATEGORIES WHERE ID=8
DELETE FROM TCATEGORIES WHERE ID=9
DELETE FROM TUSERS WHERE ID=2
DELETE FROM TUSERS WHERE ID=3
DELETE FROM TUSERS WHERE ID=4
DELETE FROM TUSERS WHERE ID=7
DELETE FROM TUSERS WHERE ID=8
DELETE FROM TUSERS WHERE ID=9
DELETE FROM TUSERS WHERE ID=10
DELETE FROM TUSERS WHERE ID=11
INSERT INTO TUSERS VALUES(2,'user1@mail.com',FALSE,'user1','user1','ENABLED')
INSERT INTO TUSERS VALUES(3,'user2@mail.com',FALSE,'user2','user2','ENABLED')
INSERT INTO TUSERS VALUES(4,'user3@mail.com',FALSE,'user3','user3','ENABLED')
INSERT INTO TCATEGORIES VALUES(1,'Categoria1',2,'2017-03-11 20:52:41.866000')
INSERT INTO TCATEGORIES VALUES(2,'Categoria2',2,'2017-03-11 20:52:43.867000')
INSERT INTO TCATEGORIES VALUES(3,'Categoria3',2,'2017-03-11 20:52:45.867000')
INSERT INTO TCATEGORIES VALUES(4,'Categoria1',3,'2017-03-11 20:52:41.868000')
INSERT INTO TCATEGORIES VALUES(5,'Categoria2',3,'2017-03-11 20:52:43.869000')
INSERT INTO TCATEGORIES VALUES(6,'Categoria3',3,'2017-03-11 20:52:45.870000')
INSERT INTO TCATEGORIES VALUES(7,'Categoria1',4,'2017-03-11 20:52:41.871000')
INSERT INTO TCATEGORIES VALUES(8,'Categoria2',4,'2017-03-11 20:52:43.872000')
INSERT INTO TCATEGORIES VALUES(9,'Categoria3',4,'2017-03-11 20:52:45.872000')
INSERT INTO TTASKS VALUES(1,'tarea 1 de user1','2017-03-11 20:52:41.873000',NULL,'2017-03-12','tarea1',NULL,2)
INSERT INTO TTASKS VALUES(2,'tarea 2 de user1','2017-03-11 20:52:43.874000',NULL,'2017-03-12','tarea2',NULL,2)
INSERT INTO TTASKS VALUES(3,'tarea 3 de user1','2017-03-11 20:52:45.874000',NULL,'2017-03-13','tarea3',NULL,2)
INSERT INTO TTASKS VALUES(4,'tarea 4 de user1','2017-03-11 20:52:47.875000',NULL,'2017-03-13','tarea4',NULL,2)
INSERT INTO TTASKS VALUES(5,'tarea 5 de user1','2017-03-11 20:52:49.876000',NULL,'2017-03-14','tarea5',NULL,2)
INSERT INTO TTASKS VALUES(6,'tarea 6 de user1','2017-03-11 20:52:51.876000',NULL,'2017-03-14','tarea6',NULL,2)
INSERT INTO TTASKS VALUES(7,'tarea 7 de user1','2017-03-11 20:52:53.877000',NULL,'2017-03-15','tarea7',NULL,2)
INSERT INTO TTASKS VALUES(8,'tarea 8 de user1','2017-03-11 20:52:55.878000',NULL,'2017-03-15','tarea8',NULL,2)
INSERT INTO TTASKS VALUES(9,'tarea 9 de user1','2017-03-11 20:52:57.879000',NULL,'2017-03-16','tarea9',NULL,2)
INSERT INTO TTASKS VALUES(10,'tarea 10 de user1','2017-03-11 20:52:59.879000',NULL,'2017-03-17','tarea10',NULL,2)
INSERT INTO TTASKS VALUES(11,'tarea 11 de user1','2017-03-11 20:53:01.880000',NULL,'2017-03-11','tarea11',NULL,2)
INSERT INTO TTASKS VALUES(12,'tarea 12 de user1','2017-03-11 20:53:03.881000',NULL,'2017-03-11','tarea12',NULL,2)
INSERT INTO TTASKS VALUES(13,'tarea 13 de user1','2017-03-11 20:53:05.881000',NULL,'2017-03-11','tarea13',NULL,2)
INSERT INTO TTASKS VALUES(14,'tarea 14 de user1','2017-03-11 20:53:07.882000',NULL,'2017-03-11','tarea14',NULL,2)
INSERT INTO TTASKS VALUES(15,'tarea 15 de user1','2017-03-11 20:53:09.883000',NULL,'2017-03-11','tarea15',NULL,2)
INSERT INTO TTASKS VALUES(16,'tarea 16 de user1','2017-03-11 20:53:11.884000',NULL,'2017-03-11','tarea16',NULL,2)
INSERT INTO TTASKS VALUES(17,'tarea 17 de user1','2017-03-11 20:53:13.885000',NULL,'2017-03-11','tarea17',NULL,2)
INSERT INTO TTASKS VALUES(18,'tarea 18 de user1','2017-03-11 20:53:15.886000',NULL,'2017-03-11','tarea18',NULL,2)
INSERT INTO TTASKS VALUES(19,'tarea 19 de user1','2017-03-11 20:53:17.887000',NULL,'2017-03-11','tarea19',NULL,2)
INSERT INTO TTASKS VALUES(20,'tarea 20 de user1','2017-03-11 20:53:19.889000',NULL,'2017-03-11','tarea20',NULL,2)
INSERT INTO TTASKS VALUES(21,'tarea 21 de la categoria1 de user1','2017-03-11 20:53:21.890000',NULL,'2017-03-09','tarea21',1,2)
INSERT INTO TTASKS VALUES(22,'tarea 22 de la categoria1 de user1','2017-03-11 20:53:23.891000',NULL,'2017-03-09','tarea22',1,2)
INSERT INTO TTASKS VALUES(23,'tarea 23 de la categoria1 de user1','2017-03-11 20:53:25.892000',NULL,'2017-03-09','tarea23',1,2)
INSERT INTO TTASKS VALUES(24,'tarea 24 de la categoria2 de user1','2017-03-11 20:53:27.892000',NULL,'2017-03-08','tarea24',2,2)
INSERT INTO TTASKS VALUES(25,'tarea 25 de la categoria2 de user1','2017-03-11 20:53:29.893000',NULL,'2017-03-08','tarea25',2,2)
INSERT INTO TTASKS VALUES(26,'tarea 26 de la categoria2 de user1','2017-03-11 20:53:31.894000',NULL,'2017-03-08','tarea26',2,2)
INSERT INTO TTASKS VALUES(27,'tarea 27 de la categoria3 de user1','2017-03-11 20:53:33.895000',NULL,'2017-03-07','tarea27',3,2)
INSERT INTO TTASKS VALUES(28,'tarea 28 de la categoria3 de user1','2017-03-11 20:53:35.896000',NULL,'2017-03-07','tarea28',3,2)
INSERT INTO TTASKS VALUES(29,'tarea 29 de la categoria3 de user1','2017-03-11 20:53:37.896000',NULL,'2017-03-07','tarea29',3,2)
INSERT INTO TTASKS VALUES(30,'tarea 30 de la categoria3 de user1','2017-03-11 20:53:39.897000',NULL,'2017-03-07','tarea30',3,2)
INSERT INTO TTASKS VALUES(31,'tarea 1 de user2','2017-03-11 20:52:41.897000',NULL,'2017-03-12','tarea1',NULL,3)
INSERT INTO TTASKS VALUES(32,'tarea 2 de user2','2017-03-11 20:52:43.898000',NULL,'2017-03-12','tarea2',NULL,3)
INSERT INTO TTASKS VALUES(33,'tarea 3 de user2','2017-03-11 20:52:45.899000',NULL,'2017-03-13','tarea3',NULL,3)
INSERT INTO TTASKS VALUES(34,'tarea 4 de user2','2017-03-11 20:52:47.899000',NULL,'2017-03-13','tarea4',NULL,3)
INSERT INTO TTASKS VALUES(35,'tarea 5 de user2','2017-03-11 20:52:49.900000',NULL,'2017-03-14','tarea5',NULL,3)
INSERT INTO TTASKS VALUES(36,'tarea 6 de user2','2017-03-11 20:52:51.901000',NULL,'2017-03-14','tarea6',NULL,3)
INSERT INTO TTASKS VALUES(37,'tarea 7 de user2','2017-03-11 20:52:53.901000',NULL,'2017-03-15','tarea7',NULL,3)
INSERT INTO TTASKS VALUES(38,'tarea 8 de user2','2017-03-11 20:52:55.902000',NULL,'2017-03-15','tarea8',NULL,3)
INSERT INTO TTASKS VALUES(39,'tarea 9 de user2','2017-03-11 20:52:57.904000',NULL,'2017-03-16','tarea9',NULL,3)
INSERT INTO TTASKS VALUES(40,'tarea 10 de user2','2017-03-11 20:52:59.905000',NULL,'2017-03-17','tarea10',NULL,3)
INSERT INTO TTASKS VALUES(41,'tarea 11 de user2','2017-03-11 20:53:01.906000',NULL,'2017-03-11','tarea11',NULL,3)
INSERT INTO TTASKS VALUES(42,'tarea 12 de user2','2017-03-11 20:53:03.907000',NULL,'2017-03-11','tarea12',NULL,3)
INSERT INTO TTASKS VALUES(43,'tarea 13 de user2','2017-03-11 20:53:05.908000',NULL,'2017-03-11','tarea13',NULL,3)
INSERT INTO TTASKS VALUES(44,'tarea 14 de user2','2017-03-11 20:53:07.909000',NULL,'2017-03-11','tarea14',NULL,3)
INSERT INTO TTASKS VALUES(45,'tarea 15 de user2','2017-03-11 20:53:09.909000',NULL,'2017-03-11','tarea15',NULL,3)
INSERT INTO TTASKS VALUES(46,'tarea 16 de user2','2017-03-11 20:53:11.910000',NULL,'2017-03-11','tarea16',NULL,3)
INSERT INTO TTASKS VALUES(47,'tarea 17 de user2','2017-03-11 20:53:13.911000',NULL,'2017-03-11','tarea17',NULL,3)
INSERT INTO TTASKS VALUES(48,'tarea 18 de user2','2017-03-11 20:53:15.911000',NULL,'2017-03-11','tarea18',NULL,3)
INSERT INTO TTASKS VALUES(49,'tarea 19 de user2','2017-03-11 20:53:17.912000',NULL,'2017-03-11','tarea19',NULL,3)
INSERT INTO TTASKS VALUES(50,'tarea 20 de user2','2017-03-11 20:53:19.913000',NULL,'2017-03-11','tarea20',NULL,3)
INSERT INTO TTASKS VALUES(51,'tarea 21 de la categoria1 de user2','2017-03-11 20:53:21.913000',NULL,'2017-03-09','tarea21',4,3)
INSERT INTO TTASKS VALUES(52,'tarea 22 de la categoria1 de user2','2017-03-11 20:53:23.914000',NULL,'2017-03-09','tarea22',4,3)
INSERT INTO TTASKS VALUES(53,'tarea 23 de la categoria1 de user2','2017-03-11 20:53:25.915000',NULL,'2017-03-09','tarea23',4,3)
INSERT INTO TTASKS VALUES(54,'tarea 24 de la categoria2 de user2','2017-03-11 20:53:27.915000',NULL,'2017-03-08','tarea24',5,3)
INSERT INTO TTASKS VALUES(55,'tarea 25 de la categoria2 de user2','2017-03-11 20:53:29.916000',NULL,'2017-03-08','tarea25',5,3)
INSERT INTO TTASKS VALUES(56,'tarea 26 de la categoria2 de user2','2017-03-11 20:53:31.917000',NULL,'2017-03-08','tarea26',5,3)
INSERT INTO TTASKS VALUES(57,'tarea 27 de la categoria3 de user2','2017-03-11 20:53:33.917000',NULL,'2017-03-07','tarea27',6,3)
INSERT INTO TTASKS VALUES(58,'tarea 28 de la categoria3 de user2','2017-03-11 20:53:35.918000',NULL,'2017-03-07','tarea28',6,3)
INSERT INTO TTASKS VALUES(59,'tarea 29 de la categoria3 de user2','2017-03-11 20:53:37.920000',NULL,'2017-03-07','tarea29',6,3)
INSERT INTO TTASKS VALUES(60,'tarea 30 de la categoria3 de user2','2017-03-11 20:53:39.921000',NULL,'2017-03-07','tarea30',6,3)
INSERT INTO TTASKS VALUES(61,'tarea 1 de user3','2017-03-11 20:52:41.922000',NULL,'2017-03-12','tarea1',NULL,4)
INSERT INTO TTASKS VALUES(62,'tarea 2 de user3','2017-03-11 20:52:43.923000',NULL,'2017-03-12','tarea2',NULL,4)
INSERT INTO TTASKS VALUES(63,'tarea 3 de user3','2017-03-11 20:52:45.924000',NULL,'2017-03-13','tarea3',NULL,4)
INSERT INTO TTASKS VALUES(64,'tarea 4 de user3','2017-03-11 20:52:47.924000',NULL,'2017-03-13','tarea4',NULL,4)
INSERT INTO TTASKS VALUES(65,'tarea 5 de user3','2017-03-11 20:52:49.925000',NULL,'2017-03-14','tarea5',NULL,4)
INSERT INTO TTASKS VALUES(66,'tarea 6 de user3','2017-03-11 20:52:51.926000',NULL,'2017-03-14','tarea6',NULL,4)
INSERT INTO TTASKS VALUES(67,'tarea 7 de user3','2017-03-11 20:52:53.927000',NULL,'2017-03-15','tarea7',NULL,4)
INSERT INTO TTASKS VALUES(68,'tarea 8 de user3','2017-03-11 20:52:55.927000',NULL,'2017-03-15','tarea8',NULL,4)
INSERT INTO TTASKS VALUES(69,'tarea 9 de user3','2017-03-11 20:52:57.928000',NULL,'2017-03-16','tarea9',NULL,4)
INSERT INTO TTASKS VALUES(70,'tarea 10 de user3','2017-03-11 20:52:59.929000',NULL,'2017-03-17','tarea10',NULL,4)
INSERT INTO TTASKS VALUES(71,'tarea 11 de user3','2017-03-11 20:53:01.929000',NULL,'2017-03-11','tarea11',NULL,4)
INSERT INTO TTASKS VALUES(72,'tarea 12 de user3','2017-03-11 20:53:03.930000',NULL,'2017-03-11','tarea12',NULL,4)
INSERT INTO TTASKS VALUES(73,'tarea 13 de user3','2017-03-11 20:53:05.930000',NULL,'2017-03-11','tarea13',NULL,4)
INSERT INTO TTASKS VALUES(74,'tarea 14 de user3','2017-03-11 20:53:07.931000',NULL,'2017-03-11','tarea14',NULL,4)
INSERT INTO TTASKS VALUES(75,'tarea 15 de user3','2017-03-11 20:53:09.931000',NULL,'2017-03-11','tarea15',NULL,4)
INSERT INTO TTASKS VALUES(76,'tarea 16 de user3','2017-03-11 20:53:11.932000',NULL,'2017-03-11','tarea16',NULL,4)
INSERT INTO TTASKS VALUES(77,'tarea 17 de user3','2017-03-11 20:53:13.932000',NULL,'2017-03-11','tarea17',NULL,4)
INSERT INTO TTASKS VALUES(78,'tarea 18 de user3','2017-03-11 20:53:15.933000',NULL,'2017-03-11','tarea18',NULL,4)
INSERT INTO TTASKS VALUES(79,'tarea 19 de user3','2017-03-11 20:53:17.933000',NULL,'2017-03-11','tarea19',NULL,4)
INSERT INTO TTASKS VALUES(80,'tarea 20 de user3','2017-03-11 20:53:19.934000',NULL,'2017-03-11','tarea20',NULL,4)
INSERT INTO TTASKS VALUES(81,'tarea 21 de la categoria1 de user3','2017-03-11 20:53:21.934000',NULL,'2017-03-09','tarea21',7,4)
INSERT INTO TTASKS VALUES(82,'tarea 22 de la categoria1 de user3','2017-03-11 20:53:23.935000',NULL,'2017-03-09','tarea22',7,4)
INSERT INTO TTASKS VALUES(83,'tarea 23 de la categoria1 de user3','2017-03-11 20:53:25.936000',NULL,'2017-03-09','tarea23',7,4)
INSERT INTO TTASKS VALUES(84,'tarea 24 de la categoria2 de user3','2017-03-11 20:53:27.938000',NULL,'2017-03-08','tarea24',8,4)
INSERT INTO TTASKS VALUES(85,'tarea 25 de la categoria2 de user3','2017-03-11 20:53:29.939000',NULL,'2017-03-08','tarea25',8,4)
INSERT INTO TTASKS VALUES(86,'tarea 26 de la categoria2 de user3','2017-03-11 20:53:31.940000',NULL,'2017-03-08','tarea26',8,4)
INSERT INTO TTASKS VALUES(87,'tarea 27 de la categoria3 de user3','2017-03-11 20:53:33.940000',NULL,'2017-03-07','tarea27',9,4)
INSERT INTO TTASKS VALUES(88,'tarea 28 de la categoria3 de user3','2017-03-11 20:53:35.941000',NULL,'2017-03-07','tarea28',9,4)
INSERT INTO TTASKS VALUES(89,'tarea 29 de la categoria3 de user3','2017-03-11 20:53:37.941000',NULL,'2017-03-07','tarea29',9,4)
INSERT INTO TTASKS VALUES(90,'tarea 30 de la categoria3 de user3','2017-03-11 20:53:39.942000',NULL,'2017-03-07','tarea30',9,4)
COMMIT
/*C154*/SET SCHEMA PUBLIC
DISCONNECT
/*C148*/SET SCHEMA PUBLIC
DELETE FROM TUSERS WHERE ID=2
INSERT INTO TUSERS VALUES(2,'user1@mail.com',FALSE,'user1','user1','DISABLED')
COMMIT
/*C144*/SET SCHEMA PUBLIC
DISCONNECT
/*C145*/SET SCHEMA PUBLIC
DISCONNECT
/*C146*/SET SCHEMA PUBLIC
DISCONNECT
/*C150*/DISCONNECT
/*C151*/SET SCHEMA PUBLIC
DISCONNECT
/*C148*/DISCONNECT
/*C147*/SET SCHEMA PUBLIC
DISCONNECT
/*C149*/SET SCHEMA PUBLIC
DISCONNECT
/*C152*/SET SCHEMA PUBLIC
DISCONNECT
/*C153*/SET SCHEMA PUBLIC
DISCONNECT
/*C158*/SET SCHEMA PUBLIC
DISCONNECT
/*C155*/SET SCHEMA PUBLIC
DISCONNECT
/*C159*/SET SCHEMA PUBLIC
DISCONNECT
/*C160*/SET SCHEMA PUBLIC
DISCONNECT
/*C161*/SET SCHEMA PUBLIC
DISCONNECT
/*C162*/SET SCHEMA PUBLIC
DISCONNECT
/*C163*/SET SCHEMA PUBLIC
DISCONNECT
/*C164*/SET SCHEMA PUBLIC
DISCONNECT
/*C156*/SET SCHEMA PUBLIC
DISCONNECT
/*C157*/SET SCHEMA PUBLIC
DISCONNECT
/*C171*/SET SCHEMA PUBLIC
DISCONNECT
/*C173*/SET SCHEMA PUBLIC
DISCONNECT
/*C166*/SET SCHEMA PUBLIC
DISCONNECT
/*C167*/SET SCHEMA PUBLIC
DISCONNECT
/*C170*/SET SCHEMA PUBLIC
DISCONNECT
/*C168*/SET SCHEMA PUBLIC
DISCONNECT
/*C174*/SET SCHEMA PUBLIC
DISCONNECT
/*C165*/SET SCHEMA PUBLIC
DISCONNECT
/*C172*/SET SCHEMA PUBLIC
DISCONNECT
/*C169*/SET SCHEMA PUBLIC
DISCONNECT
